Failed to connect to Mir: Failed to connect to server socket: No such file or directory
Unable to init server: Could not connect: Connection refused

(gedit:2925): Gtk-WARNING **: cannot open display: 
Failed to connect to Mir: Failed to connect to server socket: No such file or directory
Unable to init server: Could not connect: Connection refused

(gedit:2928): Gtk-WARNING **: cannot open display: 
Failed to connect to Mir: Failed to connect to server socket: No such file or directory
Unable to init server: Could not connect: Connection refused

(gedit:2931): Gtk-WARNING **: cannot open display: 

(gedit:3300): Gtk-WARNING **: Calling Inhibit failed: GDBus.Error:org.freedesktop.DBus.Error.ServiceUnknown: The name org.gnome.SessionManager was not provided by any .service files

** (gedit:3300): WARNING **: Set document metadata failed: Setting attribute metadata::gedit-spell-enabled not supported

** (gedit:3300): WARNING **: Set document metadata failed: Setting attribute metadata::gedit-encoding not supported

** (gedit:3300): WARNING **: Set document metadata failed: Setting attribute metadata::gedit-spell-enabled not supported

** (gedit:3300): WARNING **: Set document metadata failed: Setting attribute metadata::gedit-encoding not supported

** (gedit:3300): WARNING **: Set document metadata failed: Setting attribute metadata::gedit-spell-enabled not supported

** (gedit:3300): WARNING **: Set document metadata failed: Setting attribute metadata::gedit-encoding not supported

** (gedit:3300): WARNING **: Set document metadata failed: Setting attribute metadata::gedit-spell-enabled not supported

** (gedit:3300): WARNING **: Set document metadata failed: Setting attribute metadata::gedit-encoding not supported

** (gedit:3300): WARNING **: Set document metadata failed: Setting attribute metadata::gedit-spell-enabled not supported

** (gedit:3300): WARNING **: Set document metadata failed: Setting attribute metadata::gedit-encoding not supported

** (gedit:3300): WARNING **: Set document metadata failed: Setting attribute metadata::gedit-spell-enabled not supported

** (gedit:3300): WARNING **: Set document metadata failed: Setting attribute metadata::gedit-encoding not supported

** (gedit:3300): WARNING **: Set document metadata failed: Setting attribute metadata::gedit-spell-enabled not supported

** (gedit:3300): WARNING **: Set document metadata failed: Setting attribute metadata::gedit-encoding not supported

** (gedit:3300): WARNING **: Set document metadata failed: Setting attribute metadata::gedit-spell-enabled not supported

** (gedit:3300): WARNING **: Set document metadata failed: Setting attribute metadata::gedit-encoding not supported

** (gedit:3300): WARNING **: Set document metadata failed: Setting attribute metadata::gedit-spell-enabled not supported

** (gedit:3300): WARNING **: Set document metadata failed: Setting attribute metadata::gedit-encoding not supported

** (gedit:3300): WARNING **: Set document metadata failed: Setting attribute metadata::gedit-spell-enabled not supported

** (gedit:3300): WARNING **: Set document metadata failed: Setting attribute metadata::gedit-encoding not supported

** (gedit:3300): WARNING **: Set document metadata failed: Setting attribute metadata::gedit-spell-enabled not supported

** (gedit:3300): WARNING **: Set document metadata failed: Setting attribute metadata::gedit-encoding not supported

** (gedit:3300): WARNING **: Set document metadata failed: Setting attribute metadata::gedit-spell-enabled not supported

** (gedit:3300): WARNING **: Set document metadata failed: Setting attribute metadata::gedit-encoding not supported

** (gedit:3300): WARNING **: Set document metadata failed: Setting attribute metadata::gedit-spell-enabled not supported

** (gedit:3300): WARNING **: Set document metadata failed: Setting attribute metadata::gedit-encoding not supported

** (gedit:3300): WARNING **: Set document metadata failed: Setting attribute metadata::gedit-spell-enabled not supported

** (gedit:3300): WARNING **: Set document metadata failed: Setting attribute metadata::gedit-encoding not supported

** (gedit:3300): WARNING **: Set document metadata failed: Setting attribute metadata::gedit-spell-enabled not supported

** (gedit:3300): WARNING **: Set document metadata failed: Setting attribute metadata::gedit-encoding not supported

** (gedit:3300): WARNING **: Set document metadata failed: Setting attribute metadata::gedit-spell-enabled not supported

** (gedit:3300): WARNING **: Set document metadata failed: Setting attribute metadata::gedit-encoding not supported

** (gedit:3300): WARNING **: Set document metadata failed: Setting attribute metadata::gedit-spell-enabled not supported

** (gedit:3300): WARNING **: Set document metadata failed: Setting attribute metadata::gedit-encoding not supported

** (gedit:3300): WARNING **: Set document metadata failed: Setting attribute metadata::gedit-spell-enabled not supported

** (gedit:3300): WARNING **: Set document metadata failed: Setting attribute metadata::gedit-encoding not supported

** (gedit:3300): WARNING **: Set document metadata failed: Setting attribute metadata::gedit-spell-enabled not supported

** (gedit:3300): WARNING **: Set document metadata failed: Setting attribute metadata::gedit-encoding not supported

** (gedit:3300): WARNING **: Set document metadata failed: Setting attribute metadata::gedit-spell-enabled not supported

** (gedit:3300): WARNING **: Set document metadata failed: Setting attribute metadata::gedit-encoding not supported

** (gedit:3300): WARNING **: Set document metadata failed: Setting attribute metadata::gedit-spell-enabled not supported

** (gedit:3300): WARNING **: Set document metadata failed: Setting attribute metadata::gedit-encoding not supported

** (gedit:3300): WARNING **: Set document metadata failed: Setting attribute metadata::gedit-spell-enabled not supported

** (gedit:3300): WARNING **: Set document metadata failed: Setting attribute metadata::gedit-encoding not supported

** (gedit:3300): WARNING **: Set document metadata failed: Setting attribute metadata::gedit-spell-enabled not supported

** (gedit:3300): WARNING **: Set document metadata failed: Setting attribute metadata::gedit-encoding not supported

** (gedit:3300): WARNING **: Set document metadata failed: Setting attribute metadata::gedit-spell-enabled not supported

** (gedit:3300): WARNING **: Set document metadata failed: Setting attribute metadata::gedit-encoding not supported

** (gedit:3300): WARNING **: Set document metadata failed: Setting attribute metadata::gedit-spell-enabled not supported

** (gedit:3300): WARNING **: Set document metadata failed: Setting attribute metadata::gedit-encoding not supported

(gedit:3300): GtkSourceView-CRITICAL **: Highlighting a single line took too much time, syntax highlighting will be disabled

** (gedit:3300): WARNING **: Set document metadata failed: Setting attribute metadata::gedit-position not supported

** (gedit:3300): WARNING **: Set document metadata failed: Setting attribute metadata::gedit-position not supported

** (gedit:3300): WARNING **: Set document metadata failed: Setting attribute metadata::gedit-position not supported

** (gedit:3300): WARNING **: Set document metadata failed: Setting attribute metadata::gedit-position not supported

(gedit:4081): dconf-WARNING **: failed to commit changes to dconf: Could not connect: Connection refused

(gedit:4081): dconf-WARNING **: failed to commit changes to dconf: Could not connect: Connection refused

(gedit:4081): dconf-WARNING **: failed to commit changes to dconf: Could not connect: Connection refused

(gedit:4081): dconf-WARNING **: failed to commit changes to dconf: Could not connect: Connection refused

(gedit:4081): dconf-WARNING **: failed to commit changes to dconf: Could not connect: Connection refused
